2021-09-17 10:36:42,406 [Worker-4: Loading available Gradle versions] INFO  o.e.b.c.i.u.g.PublishedGradleVersions - Gradle version information cache is out-of-date. Trying to update.
2021-09-22 10:24:01,500 [Worker-2: Loading available Gradle versions] INFO  o.e.b.c.i.u.g.PublishedGradleVersions - Gradle version information cache is up-to-date. Trying to read.
2021-09-24 10:21:02,654 [Worker-4: Loading available Gradle versions] INFO  o.e.b.c.i.u.g.PublishedGradleVersions - Gradle version information cache is up-to-date. Trying to read.
2021-09-28 16:27:18,499 [Worker-2: Loading available Gradle versions] INFO  o.e.b.c.i.u.g.PublishedGradleVersions - Gradle version information cache is out-of-date. Trying to update.
2021-09-28 17:31:52,092 [Worker-0: Loading available Gradle versions] INFO  o.e.b.c.i.u.g.PublishedGradleVersions - Gradle version information cache is up-to-date. Trying to read.
2021-09-29 10:44:34,329 [Worker-8: Loading available Gradle versions] INFO  o.e.b.c.i.u.g.PublishedGradleVersions - Gradle version information cache is up-to-date. Trying to read.
2021-09-30 12:29:33,552 [Worker-2: Loading available Gradle versions] INFO  o.e.b.c.i.u.g.PublishedGradleVersions - Gradle version information cache is out-of-date. Trying to update.
2021-09-30 12:43:34,285 [Worker-0: Loading available Gradle versions] INFO  o.e.b.c.i.u.g.PublishedGradleVersions - Gradle version information cache is up-to-date. Trying to read.
2021-09-30 15:18:17,633 [Worker-0: Loading available Gradle versions] INFO  o.e.b.c.i.u.g.PublishedGradleVersions - Gradle version information cache is out-of-date. Trying to update.
2021-09-30 17:16:21,368 [Worker-3: Loading available Gradle versions] INFO  o.e.b.c.i.u.g.PublishedGradleVersions - Gradle version information cache is up-to-date. Trying to read.
2021-10-01 11:03:32,306 [Worker-3: Loading available Gradle versions] INFO  o.e.b.c.i.u.g.PublishedGradleVersions - Gradle version information cache is up-to-date. Trying to read.
2021-10-04 11:08:47,953 [Worker-2: Loading available Gradle versions] INFO  o.e.b.c.i.u.g.PublishedGradleVersions - Gradle version information cache is out-of-date. Trying to update.
2021-10-08 13:36:21,697 [Worker-3: Loading available Gradle versions] INFO  o.e.b.c.i.u.g.PublishedGradleVersions - Gradle version information cache is up-to-date. Trying to read.
2021-10-15 10:36:02,878 [Worker-4: Loading available Gradle versions] INFO  o.e.b.c.i.u.g.PublishedGradleVersions - Gradle version information cache is up-to-date. Trying to read.
2021-10-15 10:54:47,256 [Worker-0: Loading available Gradle versions] INFO  o.e.b.c.i.u.g.PublishedGradleVersions - Gradle version information cache is up-to-date. Trying to read.
2021-10-18 11:25:44,928 [Worker-2: Loading available Gradle versions] INFO  o.e.b.c.i.u.g.PublishedGradleVersions - Gradle version information cache is up-to-date. Trying to read.
2021-10-18 13:08:10,979 [Worker-3: Loading available Gradle versions] INFO  o.e.b.c.i.u.g.PublishedGradleVersions - Gradle version information cache is up-to-date. Trying to read.
2021-10-18 13:13:29,368 [Worker-3: Loading available Gradle versions] INFO  o.e.b.c.i.u.g.PublishedGradleVersions - Gradle version information cache is up-to-date. Trying to read.
2021-10-20 09:04:20,135 [Worker-0: Loading available Gradle versions] INFO  o.e.b.c.i.u.g.PublishedGradleVersions - Gradle version information cache is out-of-date. Trying to update.
2021-11-05 11:27:20,037 [Worker-3: Loading available Gradle versions] INFO  o.e.b.c.i.u.g.PublishedGradleVersions - Gradle version information cache is up-to-date. Trying to read.
2021-11-05 11:28:30,136 [Worker-2: Computing Git status for repository DAM2] WARN  o.e.j.i.storage.file.PackDirectory - Pack file E:\DAM2\.git\objects\pack\pack-00b2c513d94449b72d311ff867ba3405511e5530.pack is corrupt, removing it from pack list
org.eclipse.jgit.errors.CorruptObjectException: Object at 131.978.792 in E:\DAM2\.git\objects\pack\pack-00b2c513d94449b72d311ff867ba3405511e5530.pack has bad zlib stream
	at org.eclipse.jgit.internal.storage.file.Pack.load(Pack.java:913)
	at org.eclipse.jgit.internal.storage.file.Pack.get(Pack.java:274)
	at org.eclipse.jgit.internal.storage.file.PackDirectory.open(PackDirectory.java:212)
	at org.eclipse.jgit.internal.storage.file.ObjectDirectory.openPackedObject(ObjectDirectory.java:390)
	at org.eclipse.jgit.internal.storage.file.ObjectDirectory.openPackedFromSelfOrAlternate(ObjectDirectory.java:354)
	at org.eclipse.jgit.internal.storage.file.ObjectDirectory.openObjectWithoutRestoring(ObjectDirectory.java:345)
	at org.eclipse.jgit.internal.storage.file.ObjectDirectory.openObject(ObjectDirectory.java:330)
	at org.eclipse.jgit.internal.storage.file.WindowCursor.open(WindowCursor.java:132)
	at org.eclipse.jgit.treewalk.WorkingTreeIterator.hasCrLfInIndex(WorkingTreeIterator.java:1513)
	at org.eclipse.jgit.treewalk.WorkingTreeIterator.getEolStreamType(WorkingTreeIterator.java:1448)
	at org.eclipse.jgit.treewalk.WorkingTreeIterator.possiblyFilteredInputStream(WorkingTreeIterator.java:412)
	at org.eclipse.jgit.treewalk.WorkingTreeIterator.idBufferBlob(WorkingTreeIterator.java:390)
	at org.eclipse.jgit.treewalk.WorkingTreeIterator.idBuffer(WorkingTreeIterator.java:311)
	at org.eclipse.jgit.treewalk.AbstractTreeIterator.getEntryObjectId(AbstractTreeIterator.java:408)
	at org.eclipse.jgit.treewalk.WorkingTreeIterator.contentCheck(WorkingTreeIterator.java:1058)
	at org.eclipse.jgit.treewalk.WorkingTreeIterator.isModified(WorkingTreeIterator.java:967)
	at org.eclipse.jgit.treewalk.filter.IndexDiffFilter.include(IndexDiffFilter.java:205)
	at org.eclipse.jgit.treewalk.filter.TreeFilter.matchFilter(TreeFilter.java:195)
	at org.eclipse.jgit.treewalk.filter.AndTreeFilter$List.matchFilter(AndTreeFilter.java:157)
	at org.eclipse.jgit.treewalk.TreeWalk.next(TreeWalk.java:820)
	at org.eclipse.jgit.lib.IndexDiff.diff(IndexDiff.java:477)
	at org.eclipse.egit.core.internal.indexdiff.IndexDiffCacheEntry.lambda$8(IndexDiffCacheEntry.java:634)
	at org.eclipse.egit.core.UnitOfWork.run(UnitOfWork.java:115)
	at org.eclipse.egit.core.internal.indexdiff.IndexDiffCacheEntry.calcIndexDiffDataFull(IndexDiffCacheEntry.java:627)
	at org.eclipse.egit.core.internal.indexdiff.IndexDiffCacheEntry.access$5(IndexDiffCacheEntry.java:621)
	at org.eclipse.egit.core.internal.indexdiff.IndexDiffCacheEntry$2.reload(IndexDiffCacheEntry.java:398)
	at org.eclipse.egit.core.internal.indexdiff.IndexDiffCacheEntry$IndexDiffReloadJob.run(IndexDiffCacheEntry.java:775)
	at org.eclipse.core.internal.jobs.Worker.run(Worker.java:63)
Caused by: java.util.zip.DataFormatException: invalid stored block lengths
	at java.base/java.util.zip.Inflater.inflateBytesBytes(Native Method)
	at java.base/java.util.zip.Inflater.inflate(Inflater.java:378)
	at org.eclipse.jgit.internal.storage.file.WindowCursor.inflate(WindowCursor.java:284)
	at org.eclipse.jgit.internal.storage.file.Pack.decompress(Pack.java:370)
	at org.eclipse.jgit.internal.storage.file.Pack.load(Pack.java:805)
	... 27 common frames omitted
2021-11-05 11:28:30,166 [Worker-2: Computing Git status for repository DAM2] WARN  o.e.j.i.storage.file.PackDirectory - Pack file E:\DAM2\.git\objects\pack\pack-00b2c513d94449b72d311ff867ba3405511e5530.pack is corrupt, removing it from pack list
org.eclipse.jgit.errors.CorruptObjectException: Object at 131.978.792 in E:\DAM2\.git\objects\pack\pack-00b2c513d94449b72d311ff867ba3405511e5530.pack has bad zlib stream
	at org.eclipse.jgit.internal.storage.file.Pack.load(Pack.java:913)
	at org.eclipse.jgit.internal.storage.file.Pack.get(Pack.java:274)
	at org.eclipse.jgit.internal.storage.file.PackDirectory.open(PackDirectory.java:212)
	at org.eclipse.jgit.internal.storage.file.ObjectDirectory.openPackedObject(ObjectDirectory.java:390)
	at org.eclipse.jgit.internal.storage.file.ObjectDirectory.openPackedFromSelfOrAlternate(ObjectDirectory.java:354)
	at org.eclipse.jgit.internal.storage.file.ObjectDirectory.openObjectWithoutRestoring(ObjectDirectory.java:345)
	at org.eclipse.jgit.internal.storage.file.ObjectDirectory.openObject(ObjectDirectory.java:330)
	at org.eclipse.jgit.internal.storage.file.WindowCursor.open(WindowCursor.java:132)
	at org.eclipse.jgit.treewalk.WorkingTreeIterator.hasCrLfInIndex(WorkingTreeIterator.java:1513)
	at org.eclipse.jgit.treewalk.WorkingTreeIterator.getEolStreamType(WorkingTreeIterator.java:1448)
	at org.eclipse.jgit.treewalk.WorkingTreeIterator.possiblyFilteredInputStream(WorkingTreeIterator.java:412)
	at org.eclipse.jgit.treewalk.WorkingTreeIterator.idBufferBlob(WorkingTreeIterator.java:390)
	at org.eclipse.jgit.treewalk.WorkingTreeIterator.idBuffer(WorkingTreeIterator.java:311)
	at org.eclipse.jgit.treewalk.AbstractTreeIterator.getEntryObjectId(AbstractTreeIterator.java:408)
	at org.eclipse.jgit.treewalk.WorkingTreeIterator.contentCheck(WorkingTreeIterator.java:1058)
	at org.eclipse.jgit.treewalk.WorkingTreeIterator.isModified(WorkingTreeIterator.java:967)
	at org.eclipse.jgit.treewalk.filter.IndexDiffFilter.include(IndexDiffFilter.java:205)
	at org.eclipse.jgit.treewalk.filter.TreeFilter.matchFilter(TreeFilter.java:195)
	at org.eclipse.jgit.treewalk.filter.AndTreeFilter$List.matchFilter(AndTreeFilter.java:157)
	at org.eclipse.jgit.treewalk.TreeWalk.next(TreeWalk.java:820)
	at org.eclipse.jgit.lib.IndexDiff.diff(IndexDiff.java:477)
	at org.eclipse.egit.core.internal.indexdiff.IndexDiffCacheEntry.lambda$8(IndexDiffCacheEntry.java:634)
	at org.eclipse.egit.core.UnitOfWork.run(UnitOfWork.java:115)
	at org.eclipse.egit.core.internal.indexdiff.IndexDiffCacheEntry.calcIndexDiffDataFull(IndexDiffCacheEntry.java:627)
	at org.eclipse.egit.core.internal.indexdiff.IndexDiffCacheEntry.access$5(IndexDiffCacheEntry.java:621)
	at org.eclipse.egit.core.internal.indexdiff.IndexDiffCacheEntry$2.reload(IndexDiffCacheEntry.java:398)
	at org.eclipse.egit.core.internal.indexdiff.IndexDiffCacheEntry$IndexDiffReloadJob.run(IndexDiffCacheEntry.java:775)
	at org.eclipse.core.internal.jobs.Worker.run(Worker.java:63)
Caused by: java.util.zip.DataFormatException: invalid stored block lengths
	at java.base/java.util.zip.Inflater.inflateBytesBytes(Native Method)
	at java.base/java.util.zip.Inflater.inflate(Inflater.java:378)
	at org.eclipse.jgit.internal.storage.file.WindowCursor.inflate(WindowCursor.java:284)
	at org.eclipse.jgit.internal.storage.file.Pack.decompress(Pack.java:370)
	at org.eclipse.jgit.internal.storage.file.Pack.load(Pack.java:805)
	... 27 common frames omitted
2021-11-17 11:43:51,986 [Worker-0: Loading available Gradle versions] INFO  o.e.b.c.i.u.g.PublishedGradleVersions - Gradle version information cache is up-to-date. Trying to read.
2021-11-23 10:41:28,741 [Worker-3: Loading available Gradle versions] INFO  o.e.b.c.i.u.g.PublishedGradleVersions - Gradle version information cache is out-of-date. Trying to update.
